<?xml version="1.0" encoding="UTF-8"?>
<testsuite name="com.example.timesheet.api.statemachine.TimeTest" tests="2" skipped="0" failures="0" errors="0" timestamp="2019-02-16T02:03:02" hostname="Mirceas-MacBook-Pro.local" time="0.28">
  <properties/>
  <testcase name="testLocalDateTimeSerialization()" classname="com.example.timesheet.api.statemachine.TimeTest" time="0.272"/>
  <testcase name="testInstantSerialization()" classname="com.example.timesheet.api.statemachine.TimeTest" time="0.007"/>
  <system-out><![CDATA[2018-05-06T22:31:00Z
]]></system-out>
  <system-err><![CDATA[]]></system-err>
</testsuite>
