<?xml version="1.0" encoding="UTF-8"?>
<testsuite name="com.example.timesheet.api.statemachine.TimeSheetStateMachineTest" tests="8" skipped="0" failures="0" errors="0" timestamp="2019-02-16T02:03:02" hostname="Mirceas-MacBook-Pro.local" time="0.027">
  <properties/>
  <testcase name="testSentForApprovalInvalidEvents()" classname="com.example.timesheet.api.statemachine.TimeSheetStateMachineTest" time="0.013"/>
  <testcase name="testInitialStateInvalidEvents()" classname="com.example.timesheet.api.statemachine.TimeSheetStateMachineTest" time="0.001"/>
  <testcase name="testApprovedState()" classname="com.example.timesheet.api.statemachine.TimeSheetStateMachineTest" time="0.004"/>
  <testcase name="testSentForApprovalState()" classname="com.example.timesheet.api.statemachine.TimeSheetStateMachineTest" time="0.001"/>
  <testcase name="testFilledStateInvalidEvents()" classname="com.example.timesheet.api.statemachine.TimeSheetStateMachineTest" time="0.0"/>
  <testcase name="testApprovedInvalidEvents()" classname="com.example.timesheet.api.statemachine.TimeSheetStateMachineTest" time="0.001"/>
  <testcase name="testInitialState()" classname="com.example.timesheet.api.statemachine.TimeSheetStateMachineTest" time="0.001"/>
  <testcase name="testFilledState()" classname="com.example.timesheet.api.statemachine.TimeSheetStateMachineTest" time="0.0"/>
  <system-out><![CDATA[]]></system-out>
  <system-err><![CDATA[]]></system-err>
</testsuite>
