<?xml version="1.0" encoding="UTF-8"?>
<testsuite name="com.example.tenant.api.resource.TenantResourceTest" tests="3" skipped="0" failures="0" errors="0" timestamp="2019-02-16T02:03:04" hostname="Mirceas-MacBook-Pro.local" time="0.142">
  <properties/>
  <testcase name="checkTestBadRequest()" classname="com.example.tenant.api.resource.TenantResourceTest" time="0.111"/>
  <testcase name="checkTestNotFound()" classname="com.example.tenant.api.resource.TenantResourceTest" time="0.006"/>
  <testcase name="checkTest()" classname="com.example.tenant.api.resource.TenantResourceTest" time="0.022"/>
  <system-out><![CDATA[13:03:02.842 [Test worker] DEBUG org.springframework.test.context.BootstrapUtils - Instantiating CacheAwareContextLoaderDelegate from class [org.springframework.test.context.cache.DefaultCacheAwareContextLoaderDelegate]
13:03:02.903 [Test worker] DEBUG org.springframework.test.context.BootstrapUtils - Instantiating BootstrapContext using constructor [public org.springframework.test.context.support.DefaultBootstrapContext(java.lang.Class,org.springframework.test.context.CacheAwareContextLoaderDelegate)]
13:03:02.920 [Test worker] DEBUG org.springframework.test.context.BootstrapUtils - Instantiating TestContextBootstrapper for test class [com.example.tenant.api.resource.TenantResourceTest] from class [org.springframework.boot.test.autoconfigure.web.servlet.WebMvcTestContextBootstrapper]
13:03:02.938 [Test worker] INFO org.springframework.boot.test.autoconfigure.web.servlet.WebMvcTestContextBootstrapper - Neither @ContextConfiguration nor @ContextHierarchy found for test class [com.example.tenant.api.resource.TenantResourceTest], using SpringBootContextLoader
13:03:02.943 [Test worker] DEBUG org.springframework.test.context.support.AbstractContextLoader - Did not detect default resource location for test class [com.example.tenant.api.resource.TenantResourceTest]: class path resource [com/example/tenant/api/resource/TenantResourceTest-context.xml] does not exist
13:03:02.943 [Test worker] DEBUG org.springframework.test.context.support.AbstractContextLoader - Did not detect default resource location for test class [com.example.tenant.api.resource.TenantResourceTest]: class path resource [com/example/tenant/api/resource/TenantResourceTestContext.groovy] does not exist
13:03:02.944 [Test worker] INFO org.springframework.test.context.support.AbstractContextLoader - Could not detect default resource locations for test class [com.example.tenant.api.resource.TenantResourceTest]: no resource found for suffixes {-context.xml, Context.groovy}.
13:03:02.945 [Test worker] INFO org.springframework.test.context.support.AnnotationConfigContextLoaderUtils - Could not detect default configuration classes for test class [com.example.tenant.api.resource.TenantResourceTest]: TenantResourceTest does not declare any static, non-private, non-final, nested classes annotated with @Configuration.
13:03:03.013 [Test worker] DEBUG org.springframework.test.context.support.ActiveProfilesUtils - Could not find an 'annotation declaring class' for annotation type [org.springframework.test.context.ActiveProfiles] and class [com.example.tenant.api.resource.TenantResourceTest]
13:03:03.063 [Test worker] DEBUG org.springframework.context.annotation.ClassPathScanningCandidateComponentProvider - Identified candidate component class: file [/Users/mick/Projects/productapi/tenant-api/build/classes/java/main/com/example/tenant/api/TenantApi.class]
13:03:03.064 [Test worker] INFO org.springframework.boot.test.context.SpringBootTestContextBootstrapper - Found @SpringBootConfiguration com.example.tenant.api.TenantApi for test class com.example.tenant.api.resource.TenantResourceTest
13:03:03.065 [Test worker] DEBUG org.springframework.boot.test.autoconfigure.web.servlet.WebMvcTestContextBootstrapper - @TestExecutionListeners is not present for class [com.example.tenant.api.resource.TenantResourceTest]: using defaults.
13:03:03.066 [Test worker] INFO org.springframework.boot.test.autoconfigure.web.servlet.WebMvcTestContextBootstrapper - Loaded default TestExecutionListener class names from location [META-INF/spring.factories]: [org.springframework.boot.test.autoconfigure.restdocs.RestDocsTestExecutionListener, org.springframework.boot.test.autoconfigure.web.client.MockRestServiceServerResetTestExecutionListener, org.springframework.boot.test.autoconfigure.web.servlet.MockMvcPrintOnlyOnFailureTestExecutionListener, org.springframework.boot.test.autoconfigure.web.servlet.WebDriverTestExecutionListener, org.springframework.boot.test.mock.mockito.MockitoTestExecutionListener, org.springframework.boot.test.mock.mockito.ResetMocksTestExecutionListener, org.springframework.test.context.web.ServletTestExecutionListener, org.springframework.test.context.support.DirtiesContextBeforeModesTestExecutionListener, org.springframework.test.context.support.DependencyInjectionTestExecutionListener, org.springframework.test.context.support.DirtiesContextTestExecutionListener, org.springframework.test.context.transaction.TransactionalTestExecutionListener, org.springframework.test.context.jdbc.SqlScriptsTestExecutionListener]
13:03:03.080 [Test worker] INFO org.springframework.boot.test.autoconfigure.web.servlet.WebMvcTestContextBootstrapper - Using TestExecutionListeners: [org.springframework.test.context.web.ServletTestExecutionListener@9572ada, org.springframework.test.context.support.DirtiesContextBeforeModesTestExecutionListener@90b15ca, org.springframework.boot.test.mock.mockito.MockitoTestExecutionListener@6ceffbc1, org.springframework.boot.test.autoconfigure.SpringBootDependencyInjectionTestExecutionListener@1ae251d8, org.springframework.test.context.support.DirtiesContextTestExecutionListener@2ad3a9a4, org.springframework.test.context.transaction.TransactionalTestExecutionListener@7ba74c71, org.springframework.test.context.jdbc.SqlScriptsTestExecutionListener@68859137, org.springframework.boot.test.autoconfigure.restdocs.RestDocsTestExecutionListener@60e1716e, org.springframework.boot.test.autoconfigure.web.client.MockRestServiceServerResetTestExecutionListener@57c87a5f, org.springframework.boot.test.autoconfigure.web.servlet.MockMvcPrintOnlyOnFailureTestExecutionListener@16cd7013, org.springframework.boot.test.autoconfigure.web.servlet.WebDriverTestExecutionListener@520547d4, org.springframework.boot.test.mock.mockito.ResetMocksTestExecutionListener@398426fb]
13:03:03.083 [Test worker] DEBUG org.springframework.test.context.support.AbstractDirtiesContextTestExecutionListener - Before test class: context [DefaultTestContext@d46bc3f testClass = TenantResourceTest, testInstance = [null], testMethod = [null], testException = [null], mergedContextConfiguration = [WebMergedContextConfiguration@5dc21aa9 testClass = TenantResourceTest, locations = '{}', classes = '{class com.example.tenant.api.TenantApi}', contextInitializerClasses = '[]', activeProfiles = '{}', propertySourceLocations = '{}', propertySourceProperties = '{org.springframework.boot.test.autoconfigure.web.servlet.WebMvcTestContextBootstrapper=true}', contextCustomizers = set[org.springframework.boot.test.autoconfigure.OverrideAutoConfigurationContextCustomizerFactory$DisableAutoConfigurationContextCustomizer@2a95d629, org.springframework.boot.test.autoconfigure.filter.TypeExcludeFiltersContextCustomizer@97bccebf, org.springframework.boot.test.autoconfigure.properties.PropertyMappingContextCustomizer@f93ee58d, org.springframework.boot.test.autoconfigure.web.servlet.WebDriverContextCustomizerFactory$Customizer@53ac2d22, [ImportsContextCustomizer@2a7ca004 key = [org.springframework.boot.autoconfigure.cache.CacheAutoConfiguration, org.springframework.boot.autoconfigure.context.MessageSourceAutoConfiguration, org.springframework.boot.autoconfigure.data.web.SpringDataWebAutoConfiguration, org.springframework.boot.autoconfigure.freemarker.FreeMarkerAutoConfiguration, org.springframework.boot.autoconfigure.groovy.template.GroovyTemplateAutoConfiguration, org.springframework.boot.autoconfigure.gson.GsonAutoConfiguration, org.springframework.boot.autoconfigure.hateoas.HypermediaAutoConfiguration, org.springframework.boot.autoconfigure.http.HttpMessageConvertersAutoConfiguration, org.springframework.boot.autoconfigure.jackson.JacksonAutoConfiguration, org.springframework.boot.autoconfigure.jsonb.JsonbAutoConfiguration, org.springframework.boot.autoconfigure.mustache.MustacheAutoConfiguration, org.springframework.boot.autoconfigure.task.TaskExecutionAutoConfiguration, org.springframework.boot.autoconfigure.thymeleaf.ThymeleafAutoConfiguration, org.springframework.boot.autoconfigure.validation.ValidationAutoConfiguration, org.springframework.boot.autoconfigure.web.servlet.error.ErrorMvcAutoConfiguration, org.springframework.boot.autoconfigure.web.servlet.WebMvcAutoConfiguration, org.springframework.boot.test.autoconfigure.web.servlet.MockMvcAutoConfiguration, org.springframework.boot.test.autoconfigure.web.servlet.MockMvcSecurityAutoConfiguration, org.springframework.boot.test.autoconfigure.web.servlet.MockMvcWebClientAutoConfiguration, org.springframework.boot.test.autoconfigure.web.servlet.MockMvcWebDriverAutoConfiguration]], org.springframework.boot.test.context.filter.ExcludeFilterContextCustomizer@4ca42a26, org.springframework.boot.test.json.DuplicateJsonObjectContextCustomizerFactory$DuplicateJsonObjectContextCustomizer@ecd3c28, org.springframework.boot.test.mock.mockito.MockitoContextCustomizer@b69619aa], resourceBasePath = '', contextLoader = 'org.springframework.boot.test.context.SpringBootContextLoader', parent = [null]], attributes = map[[empty]]], class annotated with @DirtiesContext [false] with mode [null].
13:03:03.172 [Test worker] DEBUG org.springframework.test.context.support.TestPropertySourceUtils - Adding inlined properties to environment: {spring.jmx.enabled=false, org.springframework.boot.test.autoconfigure.web.servlet.WebMvcTestContextBootstrapper=true, server.port=-1}
  _______                     _              _____ _____ 
 |__   __|                   | |       /\   |  __ \_   _|
    | | ___ _ __   __ _ _ __ | |_     /  \  | |__) || |  
    | |/ _ \ '_ \ / _` | '_ \| __|   / /\ \ |  ___/ | |  
    | |  __/ | | | (_| | | | | |_   / ____ \| |    _| |_ 
    |_|\___|_| |_|\__,_|_| |_|\__| /_/    \_\_|   |_____|


2019-02-16 13:03:03.461  INFO 6518 --- [    Test worker] c.e.t.api.resource.TenantResourceTest    : Starting TenantResourceTest on Mirceas-MacBook-Pro.local with PID 6518 (started by mick in /Users/mick/Projects/productapi/tenant-api)
2019-02-16 13:03:03.465  INFO 6518 --- [    Test worker] c.e.t.api.resource.TenantResourceTest    : No active profile set, falling back to default profiles: default
2019-02-16 13:03:04.615  INFO 6518 --- [    Test worker] o.s.s.concurrent.ThreadPoolTaskExecutor  : Initializing ExecutorService 'applicationTaskExecutor'
2019-02-16 13:03:04.856  INFO 6518 --- [    Test worker] o.s.b.t.m.w.SpringBootMockServletContext : Initializing Spring TestDispatcherServlet ''
2019-02-16 13:03:04.856  INFO 6518 --- [    Test worker] o.s.t.web.servlet.TestDispatcherServlet  : Initializing Servlet ''
2019-02-16 13:03:04.870  INFO 6518 --- [    Test worker] o.s.t.web.servlet.TestDispatcherServlet  : Completed initialization in 14 ms
2019-02-16 13:03:04.910  INFO 6518 --- [    Test worker] c.e.t.api.resource.TenantResourceTest    : Started TenantResourceTest in 1.728 seconds (JVM running for 4.029)
]]></system-out>
  <system-err><![CDATA[]]></system-err>
</testsuite>
