<?xml version="1.0" encoding="UTF-8"?>
<testsuite name="com.example.tenant.api.resource.HealthResourceTest" tests="2" skipped="0" failures="0" errors="0" timestamp="2019-02-16T02:03:05" hostname="Mirceas-MacBook-Pro.local" time="0.011">
  <properties/>
  <testcase name="checkPing()" classname="com.example.tenant.api.resource.HealthResourceTest" time="0.005"/>
  <testcase name="checkTest()" classname="com.example.tenant.api.resource.HealthResourceTest" time="0.005"/>
  <system-out><![CDATA[2019-02-16 13:03:05.063  INFO 6518 --- [    Test worker] .b.t.a.w.s.WebMvcTestContextBootstrapper : Neither @ContextConfiguration nor @ContextHierarchy found for test class [com.example.tenant.api.resource.HealthResourceTest], using SpringBootContextLoader
2019-02-16 13:03:05.064  INFO 6518 --- [    Test worker] o.s.t.c.support.AbstractContextLoader    : Could not detect default resource locations for test class [com.example.tenant.api.resource.HealthResourceTest]: no resource found for suffixes {-context.xml, Context.groovy}.
2019-02-16 13:03:05.064  INFO 6518 --- [    Test worker] t.c.s.AnnotationConfigContextLoaderUtils : Could not detect default configuration classes for test class [com.example.tenant.api.resource.HealthResourceTest]: HealthResourceTest does not declare any static, non-private, non-final, nested classes annotated with @Configuration.
2019-02-16 13:03:05.070  INFO 6518 --- [    Test worker] .b.t.c.SpringBootTestContextBootstrapper : Found @SpringBootConfiguration com.example.tenant.api.TenantApi for test class com.example.tenant.api.resource.HealthResourceTest
2019-02-16 13:03:05.071  INFO 6518 --- [    Test worker] .b.t.a.w.s.WebMvcTestContextBootstrapper : Loaded default TestExecutionListener class names from location [META-INF/spring.factories]: [org.springframework.boot.test.autoconfigure.restdocs.RestDocsTestExecutionListener, org.springframework.boot.test.autoconfigure.web.client.MockRestServiceServerResetTestExecutionListener, org.springframework.boot.test.autoconfigure.web.servlet.MockMvcPrintOnlyOnFailureTestExecutionListener, org.springframework.boot.test.autoconfigure.web.servlet.WebDriverTestExecutionListener, org.springframework.boot.test.mock.mockito.MockitoTestExecutionListener, org.springframework.boot.test.mock.mockito.ResetMocksTestExecutionListener, org.springframework.test.context.web.ServletTestExecutionListener, org.springframework.test.context.support.DirtiesContextBeforeModesTestExecutionListener, org.springframework.test.context.support.DependencyInjectionTestExecutionListener, org.springframework.test.context.support.DirtiesContextTestExecutionListener, org.springframework.test.context.transaction.TransactionalTestExecutionListener, org.springframework.test.context.jdbc.SqlScriptsTestExecutionListener]
2019-02-16 13:03:05.072  INFO 6518 --- [    Test worker] .b.t.a.w.s.WebMvcTestContextBootstrapper : Using TestExecutionListeners: [org.springframework.test.context.web.ServletTestExecutionListener@6470149a, org.springframework.test.context.support.DirtiesContextBeforeModesTestExecutionListener@6d8bb8ad, org.springframework.boot.test.mock.mockito.MockitoTestExecutionListener@17d6c856, org.springframework.boot.test.autoconfigure.SpringBootDependencyInjectionTestExecutionListener@5ba66fae, org.springframework.test.context.support.DirtiesContextTestExecutionListener@3f166484, org.springframework.test.context.transaction.TransactionalTestExecutionListener@f68ed1b, org.springframework.test.context.jdbc.SqlScriptsTestExecutionListener@2edd10d8, org.springframework.boot.test.autoconfigure.restdocs.RestDocsTestExecutionListener@46eec1b2, org.springframework.boot.test.autoconfigure.web.client.MockRestServiceServerResetTestExecutionListener@4ad0bfaf, org.springframework.boot.test.autoconfigure.web.servlet.MockMvcPrintOnlyOnFailureTestExecutionListener@21883db, org.springframework.boot.test.autoconfigure.web.servlet.WebDriverTestExecutionListener@44051890, org.springframework.boot.test.mock.mockito.ResetMocksTestExecutionListener@74d6b2f3]
  _______                     _              _____ _____ 
 |__   __|                   | |       /\   |  __ \_   _|
    | | ___ _ __   __ _ _ __ | |_     /  \  | |__) || |  
    | |/ _ \ '_ \ / _` | '_ \| __|   / /\ \ |  ___/ | |  
    | |  __/ | | | (_| | | | | |_   / ____ \| |    _| |_ 
    |_|\___|_| |_|\__,_|_| |_|\__| /_/    \_\_|   |_____|


2019-02-16 13:03:05.106  INFO 6518 --- [    Test worker] c.e.t.api.resource.HealthResourceTest    : Starting HealthResourceTest on Mirceas-MacBook-Pro.local with PID 6518 (started by mick in /Users/mick/Projects/productapi/tenant-api)
2019-02-16 13:03:05.108  INFO 6518 --- [    Test worker] c.e.t.api.resource.HealthResourceTest    : No active profile set, falling back to default profiles: default
2019-02-16 13:03:05.449  INFO 6518 --- [    Test worker] o.s.s.concurrent.ThreadPoolTaskExecutor  : Initializing ExecutorService 'applicationTaskExecutor'
2019-02-16 13:03:05.548  INFO 6518 --- [    Test worker] o.s.b.t.m.w.SpringBootMockServletContext : Initializing Spring TestDispatcherServlet ''
2019-02-16 13:03:05.548  INFO 6518 --- [    Test worker] o.s.t.web.servlet.TestDispatcherServlet  : Initializing Servlet ''
2019-02-16 13:03:05.556  INFO 6518 --- [    Test worker] o.s.t.web.servlet.TestDispatcherServlet  : Completed initialization in 8 ms
2019-02-16 13:03:05.571  INFO 6518 --- [    Test worker] c.e.t.api.resource.HealthResourceTest    : Started HealthResourceTest in 0.496 seconds (JVM running for 4.69)
]]></system-out>
  <system-err><![CDATA[]]></system-err>
</testsuite>
