<?xml version="1.0" encoding="UTF-8"?>
<testsuite name="com.example.tenant.api.service.HealthServiceTest" tests="2" skipped="0" failures="0" errors="0" timestamp="2019-02-16T02:03:02" hostname="Mirceas-MacBook-Pro.local" time="0.649">
  <properties/>
  <testcase name="isOkTruthyTest()" classname="com.example.tenant.api.service.HealthServiceTest" time="0.646"/>
  <testcase name="isOkFalsyTest()" classname="com.example.tenant.api.service.HealthServiceTest" time="0.001"/>
  <system-out><![CDATA[]]></system-out>
  <system-err><![CDATA[]]></system-err>
</testsuite>
